<?xml version="1.0" encoding="UTF-8"?>
<testsuite name="org.example.TinyUrlTest" tests="2" skipped="0" failures="0" errors="0" timestamp="2024-03-02T01:01:55" hostname="jingwens-MacBook-Pro.local" time="0.657">
  <properties/>
  <testcase name="shortToLong()" classname="org.example.TinyUrlTest" time="0.548"/>
  <testcase name="longToShort()" classname="org.example.TinyUrlTest" time="0.107"/>
  <system-out><![CDATA[]]></system-out>
  <system-err><![CDATA[]]></system-err>
</testsuite>
